<?xml version="1.0" encoding="UTF-8"?>
<!-- Generated by org.testng.reporters.JUnitReportReporter -->
<testsuite skipped="0" hostname="PC-DM30136.overstock.com" name="org.IOS.AutomateIOS.AppTest" tests="1" failures="0" timestamp="01 Oct 2018 20:45:00 GMT" time="0.014" errors="0">
  <testcase name="testApp" time="0.014" classname="org.IOS.AutomateIOS.AppTest"/>
</testsuite> <!-- org.IOS.AutomateIOS.AppTest -->
